Base path: 'C:/Users/marco/Desktop/Unity Projects/2019.3.8f1/Editor/Data', plugins path 'C:/Users/marco/Desktop/Unity Projects/2019.3.8f1/Editor/Data/PlaybackEngines'
Cmd: initializeCompiler
Cmd: compileComputeKernel
  api=4 insize=9809 outsize=5226 ok=1
Cmd: compileComputeKernel
  api=4 insize=4823 outsize=2756 ok=1
Cmd: compileComputeKernel
  api=4 insize=14139 outsize=2343 ok=1
Cmd: compileComputeKernel
  api=4 insize=40264 outsize=41056 ok=1
Cmd: compileComputeKernel
  api=4 insize=11494 outsize=257 ok=1
Cmd: compileComputeKernel
  api=4 insize=7840 outsize=7481 ok=1
Cmd: compileComputeKernel
  api=4 insize=6119 outsize=2350 ok=1
Cmd: compileComputeKernel
  api=4 insize=6745 outsize=1808 ok=1
Cmd: compileComputeKernel
  api=4 insize=26542 outsize=14181 ok=1
Cmd: compileComputeKernel
  api=4 insize=16295 outsize=34333 ok=1
Cmd: compileComputeKernel
  api=4 insize=16295 outsize=45965 ok=1
Cmd: compileComputeKernel
  api=4 insize=16295 outsize=79522 ok=1
Cmd: compileComputeKernel
  api=4 insize=16295 outsize=53586 ok=1
Cmd: compileComputeKernel
  api=4 insize=5893 outsize=5009 ok=1
Cmd: compileComputeKernel
  api=4 insize=3447 outsize=2127 ok=1
Unhandled exception: Protocol error - unexpected end of data (did the Editor crash?)

Quitting shader compiler process
